<?xml version="1.0" encoding="UTF-8"?>
<!-- Generated by org.testng.reporters.JUnitReportReporter -->
<testsuite hostname="Vinuthas-MacBook-Pro.local" failures="0" tests="3" name="TestNG.MyAccountJourney" time="0.001" errors="0" timestamp="2022-12-15T07:36:50 IST" skipped="0">
  <testcase classname="TestNG.MyAccountJourney" name="myOrdersPage" time="0.001"/>
  <system-out/>
  <testcase classname="TestNG.MyAccountJourney" name="resetPassword" time="0.000"/>
  <system-out/>
  <testcase classname="TestNG.MyAccountJourney" name="validateAccountDetails" time="0.000"/>
  <system-out/>
</testsuite> <!-- TestNG.MyAccountJourney -->
