<?xml version="1.0" encoding="UTF-8"?>
<!-- Generated by org.testng.reporters.JUnitReportReporter -->
<testsuite hostname="Vinuthas-MacBook-Pro.local" failures="0" tests="4" name="TestNG.CheckoutJourney" time="0.000" errors="0" timestamp="2022-12-15T07:36:50 IST" skipped="0">
  <testcase classname="TestNG.CheckoutJourney" name="orderConfirmationEmail" time="0.000"/>
  <system-out/>
  <testcase classname="TestNG.CheckoutJourney" name="makePayment" time="0.000"/>
  <system-out/>
  <testcase classname="TestNG.CheckoutJourney" name="selectShippingMethod" time="0.000"/>
  <system-out/>
  <testcase classname="TestNG.CheckoutJourney" name="addAddress" time="0.000"/>
  <system-out/>
</testsuite> <!-- TestNG.CheckoutJourney -->
