<?xml version="1.0" encoding="UTF-8"?>
<!-- Generated by org.testng.reporters.JUnitReportReporter -->
<testsuite hostname="Vinuthas-MacBook-Pro.local" failures="0" tests="9" name="TestNG.BrowseJourney" time="1.662" errors="0" timestamp="2022-12-15T07:36:50 IST" skipped="1">
  <testcase classname="TestNG.BrowseJourney" name="login" time="0.000"/>
  <system-out/>
  <testcase classname="TestNG.BrowseJourney" name="login" time="0.000"/>
  <system-out/>
  <testcase classname="TestNG.BrowseJourney" name="openBrowser" time="1.659"/>
  <system-out/>
  <testcase classname="TestNG.BrowseJourney" name="addProductsToCart" time="0.002"/>
  <system-out/>
  <testcase classname="TestNG.BrowseJourney" name="searchProducts" time="0.000"/>
  <system-out/>
  <testcase classname="TestNG.BrowseJourney" name="logout" time="0.001"/>
  <system-out/>
  <testcase classname="TestNG.BrowseJourney" name="browseProducts" time="0.000"/>
  <system-out/>
  <testcase classname="TestNG.BrowseJourney" name="login" time="0.000"/>
  <system-out/>
  <testcase classname="TestNG.BrowseJourney" name="navigateToHomePage">
    <skipped/>
  </testcase> <!-- navigateToHomePage -->
  <system-out/>
</testsuite> <!-- TestNG.BrowseJourney -->
